TN:
SF:/Users/I547832/Projects/secure-collaborativ-computation/client_service/src/api/mod.rs
FN:33,Api::upload
FN:48,Api::get_secrets
FN:60,Api::list_secrets
FN:69,Api::del_secrets
FN:81,Api::get_result
FN:90,Api::notify
FN:99,Api::get_secret_shares
FN:106,Api::ping
FN:112,Api::sys_status
FNF:9
FNDA:0,Api::upload
FNDA:0,Api::get_secrets
FNDA:0,Api::list_secrets
FNDA:0,Api::del_secrets
FNDA:0,Api::get_result
FNDA:0,Api::notify
FNDA:0,Api::get_secret_shares
FNDA:0,Api::ping
FNDA:0,Api::sys_status
DA:33,0
DA:40,0
DA:41,0
DA:42,0
DA:43,0
DA:48,0
DA:52,0
DA:53,0
DA:54,0
DA:55,0
DA:60,0
DA:61,0
DA:62,0
DA:63,0
DA:64,0
DA:69,0
DA:73,0
DA:74,0
DA:75,0
DA:76,0
DA:81,0
DA:82,0
DA:83,0
DA:84,0
DA:85,0
DA:90,0
DA:93,0
DA:94,0
DA:99,0
DA:100,0
DA:101,0
DA:106,0
DA:107,0
DA:112,0
DA:113,0
LF:35
LH:0
end_of_record
TN:
SF:/Users/I547832/Projects/secure-collaborativ-computation/client_service/src/api/notify.rs
FN:29,notify
FNF:1
FNDA:2,notify
DA:29,2
DA:30,2
DA:31,1
DA:33,2
DA:34,1
LF:5
LH:5
end_of_record
TN:
SF:/Users/I547832/Projects/secure-collaborativ-computation/client_service/src/api/result.rs
FN:25,result
FN:40,get_result_ids
FNF:2
FNDA:4,result
FNDA:10,get_result_ids
DA:25,4
DA:26,3
DA:27,1
DA:29,1
DA:32,1
DA:33,4
DA:34,1
DA:35,1
DA:37,1
DA:40,10
DA:41,5
DA:42,10
DA:43,3
DA:44,6
DA:45,3
DA:46,2
DA:47,1
DA:48,2
DA:49,1
LF:19
LH:19
end_of_record
TN:
SF:/Users/I547832/Projects/secure-collaborativ-computation/client_service/src/api/secret_shares.rs
FN:52,get_secret_share
FNF:1
FNDA:0,get_secret_share
DA:52,0
DA:53,0
DA:55,0
DA:56,0
DA:57,0
DA:58,0
DA:61,0
DA:62,0
DA:63,0
DA:64,0
DA:65,0
DA:68,0
DA:69,0
DA:70,0
DA:71,0
DA:72,0
DA:73,0
DA:74,0
DA:75,0
DA:76,0
DA:78,0
DA:79,0
DA:82,0
DA:83,0
DA:84,0
DA:91,0
LF:26
LH:0
end_of_record
TN:
SF:/Users/I547832/Projects/secure-collaborativ-computation/client_service/src/api/secrets.rs
FN:46,upload
FN:61,register_upload
FN:69,get
FN:90,delete
FN:102,list_secrets
FNF:5
FNDA:0,upload
FNDA:0,register_upload
FNDA:0,get
FNDA:0,delete
FNDA:0,list_secrets
DA:46,0
DA:47,0
DA:48,0
DA:49,0
DA:50,0
DA:53,0
DA:54,0
DA:55,0
DA:56,0
DA:57,0
DA:58,0
DA:61,0
DA:62,0
DA:63,0
DA:64,0
DA:65,0
DA:66,0
DA:69,0
DA:70,0
DA:71,0
DA:90,0
DA:91,0
DA:92,0
DA:102,0
DA:103,0
DA:104,0
LF:26
LH:0
end_of_record
TN:
SF:/Users/I547832/Projects/secure-collaborativ-computation/client_service/src/api/sys_status.rs
FN:24,sys_status
FNF:1
FNDA:1,sys_status
DA:24,1
DA:25,1
DA:26,1
DA:28,1
DA:29,1
DA:30,1
DA:31,1
DA:33,1
LF:8
LH:8
end_of_record
TN:
SF:/Users/I547832/Projects/secure-collaborativ-computation/client_service/src/api/utils.rs
FN:3,coordinator_uri
FNF:1
FNDA:5,coordinator_uri
DA:3,5
DA:4,5
DA:5,5
DA:6,0
LF:4
LH:3
end_of_record
TN:
SF:/Users/I547832/Projects/secure-collaborativ-computation/client_service/src/cs_client.rs
FN:40,java_cs_client::jar_location
FN:53,java_cs_client::SecretUtils::parse_secret
FN:73,java_cs_client::JavaCsClient::new
FN:88,java_cs_client::CsCommand::new
FN:96,java_cs_client::CsCommand::amphora
FN:101,java_cs_client::CsCommand::arg
FN:108,java_cs_client::CsCommand::args
FN:118,java_cs_client::CsCommand::output
FN:141,java_cs_client::<impl CsClient for JavaCsClient>::create_secrets
FN:152,java_cs_client::<impl CsClient for JavaCsClient>::delete_secrets
FN:162,java_cs_client::<impl CsClient for JavaCsClient>::get_secret
FN:171,java_cs_client::<impl CsClient for JavaCsClient>::list_secrets
FNF:12
FNDA:0,java_cs_client::jar_location
FNDA:1,java_cs_client::SecretUtils::parse_secret
FNDA:0,java_cs_client::JavaCsClient::new
FNDA:0,java_cs_client::CsCommand::new
FNDA:0,java_cs_client::CsCommand::amphora
FNDA:0,java_cs_client::CsCommand::arg
FNDA:0,java_cs_client::CsCommand::args
FNDA:0,java_cs_client::CsCommand::output
FNDA:0,java_cs_client::<impl CsClient for JavaCsClient>::create_secrets
FNDA:0,java_cs_client::<impl CsClient for JavaCsClient>::delete_secrets
FNDA:0,java_cs_client::<impl CsClient for JavaCsClient>::get_secret
FNDA:0,java_cs_client::<impl CsClient for JavaCsClient>::list_secrets
DA:40,0
DA:41,0
DA:42,0
DA:43,0
DA:53,1
DA:54,1
DA:56,1
DA:60,7
DA:63,1
DA:64,2
DA:65,1
DA:68,1
DA:73,0
DA:74,0
DA:75,0
DA:76,0
DA:88,0
DA:89,0
DA:90,0
DA:91,0
DA:96,0
DA:97,0
DA:98,0
DA:99,0
DA:101,0
DA:105,0
DA:106,0
DA:108,0
DA:113,0
DA:114,0
DA:118,0
DA:119,0
DA:120,0
DA:121,0
DA:122,0
DA:124,0
DA:126,0
DA:127,0
DA:128,0
DA:130,0
DA:133,0
DA:141,0
DA:142,0
DA:143,0
DA:145,0
DA:147,0
DA:148,0
DA:152,0
DA:153,0
DA:154,0
DA:156,0
DA:158,0
DA:162,0
DA:163,0
DA:165,0
DA:171,0
DA:172,0
DA:176,0
LF:58
LH:8
end_of_record
TN:
SF:/Users/I547832/Projects/secure-collaborativ-computation/client_service/src/cs_config.rs
FN:39,CarbynestackConfig::save_config_json
FN:62,CarbynestackConfig::from_json
FN:70,get_config
FNF:3
FNDA:1,CarbynestackConfig::save_config_json
FNDA:5,CarbynestackConfig::from_json
FNDA:4,get_config
DA:39,1
DA:40,2
DA:41,2
DA:43,0
DA:44,2
DA:45,1
DA:48,1
DA:53,0
DA:56,0
DA:57,1
DA:58,1
DA:59,1
DA:62,5
DA:63,9
DA:64,12
DA:70,4
DA:71,4
DA:72,4
DA:74,2
DA:75,4
DA:76,1
DA:77,2
DA:78,1
LF:23
LH:20
end_of_record
TN:
SF:/Users/I547832/Projects/secure-collaborativ-computation/client_service/src/error.rs
FN:22,Error::custom
FN:28,<impl From for Error>::from
FN:38,<impl Display for Error>::fmt
FN:46,<impl ResponseError for Error>::status
FN:49,<impl ResponseError for Error>::as_response
FNF:5
FNDA:0,Error::custom
FNDA:3,<impl From for Error>::from
FNDA:0,<impl Display for Error>::fmt
FNDA:0,<impl ResponseError for Error>::status
FNDA:0,<impl ResponseError for Error>::as_response
DA:22,0
DA:23,0
DA:28,3
DA:29,3
DA:38,0
DA:39,0
DA:46,0
DA:47,0
DA:49,0
DA:50,0
DA:51,0
DA:52,0
DA:53,0
DA:54,0
LF:14
LH:2
end_of_record
TN:
SF:/Users/I547832/Projects/secure-collaborativ-computation/client_service/src/main.rs
FN:16,main
FNF:1
FNDA:0,main
DA:16,0
DA:18,0
DA:19,0
DA:20,0
DA:21,0
DA:22,0
DA:23,0
DA:24,0
DA:26,0
DA:29,0
DA:32,0
DA:33,0
DA:34,0
DA:37,0
DA:38,0
DA:39,0
DA:42,0
DA:43,0
DA:44,0
DA:47,0
DA:49,0
DA:50,0
DA:51,0
DA:54,0
DA:55,0
DA:57,0
DA:59,0
DA:60,0
DA:62,0
DA:63,0
DA:64,0
LF:31
LH:0
end_of_record
TN:
SF:/Users/I547832/Projects/secure-collaborativ-computation/client_service/src/netaccess.rs
FN:17,<impl NetAccess for RequestsClient>::get
FN:27,<impl NetAccess for RequestsClient>::post
FN:49,RequestsClient::new
FNF:3
FNDA:0,<impl NetAccess for RequestsClient>::get
FNDA:0,<impl NetAccess for RequestsClient>::post
FNDA:0,RequestsClient::new
DA:17,0
DA:18,0
DA:19,0
DA:22,0
DA:23,0
DA:24,0
DA:25,0
DA:27,0
DA:28,0
DA:29,0
DA:30,0
DA:34,0
DA:35,0
DA:38,0
DA:39,0
DA:40,0
DA:41,0
DA:43,0
DA:49,0
LF:19
LH:0
end_of_record
